<?xml version="1.0" encoding="UTF-8"?>
<testsuites time="02/17/2021 13:22:24">
  <testsuite>
    <testcase classname=" [1.4.0-dev.65622] PythonVersion 39-x64" name=" [1.4.0-dev.65622] PythonVersion 39-x64 Python Car Test script loaded" time="0.0610991" />
    <testcase classname=" [1.4.0-dev.65622] PythonVersion 39-x64" name=" [1.4.0-dev.65622] PythonVersion 39-x64 Python DateTime script loaded" time="0.0723817" />
    <testcase classname=" [1.4.0-dev.65622] PythonVersion 39-x64" name=" [1.4.0-dev.65622] PythonVersion 39-x64 Python Find all files script loaded" time="0.0125688" />
    <testcase classname=" [1.4.0-dev.65622] PythonVersion 39-x64" name=" [1.4.0-dev.65622] PythonVersion 39-x64 Python Serialize data script loaded" time="0.0131558" />
    <testcase classname=" [1.4.0-dev.65622] PythonVersion 39-x64" name=" [1.4.0-dev.65622] PythonVersion 39-x64 Python TestStringMethods script loaded" time="0.033888" />
    <testcase classname=" [1.4.0-dev.65622] PythonVersion 39-x64" name=" [1.4.0-dev.65622] PythonVersion 39-x64 Python SHA Encryption script loaded" time="0.9363924" />
  </testsuite>
</testsuites>